WARNING:django.request:Not Found: /favicon.ico
WARNING:django.request:Not Found: /favicon.ico
WARNING:django.request:Not Found: /favicon.ico
WARNING:django.request:Not Found: /profile/CopnhXOb1XR4ZxDdLO4iK/Accounts/style.css
WARNING:django.request:Not Found: /profile/KCWYLuAZSk99_FXKnOD-u/Accounts/style.css
WARNING:django.request:Not Found: /profile/KCWYLuAZSk99_FXKnOD-u/Accounts/style.css
WARNING:django.request:Not Found: /profile/NPKGfuo-yrDHoTglXduR7/Accounts/style.css
WARNING:django.request:Not Found: /profile/CopnhXOb1XR4ZxDdLO4iK/Accounts/style.css
WARNING:django.request:Not Found: /None
WARNING:django.request:Not Found: /profile/CopnhXOb1XR4ZxDdLO4iK/Accounts/style.css
WARNING:django.request:Not Found: /profile/NPKGfuo-yrDHoTglXduR7/Accounts/style.css
WARNING:django.request:Not Found: /profile/KCWYLuAZSk99_FXKnOD-u/Accounts/style.css
WARNING:django.request:Not Found: /favicon.ico
WARNING:django.request:Not Found: /favicon.ico
WARNING:django.request:Not Found: /favicon.ico
WARNING:django.request:Not Found: /profile/Balyg0eJV-nVhYgKzgQLD/Accounts/style.css
WARNING:django.request:Not Found: /profile/KCWYLuAZSk99_FXKnOD-u/Accounts/style.css
WARNING:django.request:Not Found: /profile/Balyg0eJV-nVhYgKzgQLD/Accounts/style.css
WARNING:django.request:Not Found: /None
WARNING:django.request:Not Found: /profile/Balyg0eJV-nVhYgKzgQLD/Accounts/style.css
WARNING:django.request:Not Found: /profile/7FgTEKZMp71Pfe58gjS2A/Accounts/style.css
WARNING:django.request:Not Found: /profile/Balyg0eJV-nVhYgKzgQLD/Accounts/style.css
WARNING:django.request:Not Found: /None
WARNING:django.request:Not Found: /profile/7FgTEKZMp71Pfe58gjS2A/None
WARNING:django.request:Not Found: /profile/7FgTEKZMp71Pfe58gjS2A/Accounts/style.css
WARNING:django.request:Not Found: /profile/NPKGfuo-yrDHoTglXduR7/Accounts/style.css
WARNING:django.request:Not Found: /profile/7FgTEKZMp71Pfe58gjS2A/Accounts/style.css
WARNING:django.request:Not Found: /profile/Balyg0eJV-nVhYgKzgQLD/Accounts/style.css
WARNING:django.request:Not Found: /profile/7FgTEKZMp71Pfe58gjS2A/Accounts/style.css
WARNING:django.request:Not Found: /profile/Balyg0eJV-nVhYgKzgQLD/Accounts/style.css
WARNING:django.request:Not Found: /profile/NPKGfuo-yrDHoTglXduR7/Accounts/style.css
WARNING:django.request:Not Found: /profile/mpJ3t8-AEKn5UBdHxfn9v/Accounts/style.css
WARNING:waitress.queue:Task queue depth is 1
WARNING:waitress.queue:Task queue depth is 2
WARNING:waitress.queue:Task queue depth is 3
WARNING:waitress.queue:Task queue depth is 3
WARNING:waitress.queue:Task queue depth is 4
WARNING:waitress.queue:Task queue depth is 5
WARNING:waitress.queue:Task queue depth is 6
WARNING:waitress.queue:Task queue depth is 6
WARNING:waitress.queue:Task queue depth is 6
WARNING:waitress.queue:Task queue depth is 6
WARNING:waitress.queue:Task queue depth is 7
WARNING:waitress.queue:Task queue depth is 8
WARNING:waitress.queue:Task queue depth is 9
WARNING:waitress.queue:Task queue depth is 10
WARNING:waitress.queue:Task queue depth is 10
WARNING:waitress.queue:Task queue depth is 11
WARNING:waitress.queue:Task queue depth is 11
WARNING:django.request:Forbidden: /delete_post/tMCZM3h1OFtDqJkTcCbsV
WARNING:waitress.queue:Task queue depth is 1
WARNING:waitress.queue:Task queue depth is 2
WARNING:django.request:Forbidden: /delete_post/tMCZM3h1OFtDqJkTcCbsV
WARNING:waitress.queue:Task queue depth is 2
WARNING:django.request:Forbidden: /delete_post/tMCZM3h1OFtDqJkTcCbsV
WARNING:waitress.queue:Task queue depth is 2
WARNING:waitress.queue:Task queue depth is 3
WARNING:django.request:Forbidden: /delete_post/tMCZM3h1OFtDqJkTcCbsV
WARNING:waitress.queue:Task queue depth is 3
WARNING:django.request:Forbidden: /delete_post/tMCZM3h1OFtDqJkTcCbsV
WARNING:waitress.queue:Task queue depth is 3
WARNING:waitress.queue:Task queue depth is 4
WARNING:waitress.queue:Task queue depth is 5
WARNING:django.request:Forbidden: /delete_post/tMCZM3h1OFtDqJkTcCbsV
WARNING:django.request:Forbidden: /delete_post/tMCZM3h1OFtDqJkTcCbsV
WARNING:django.request:Forbidden: /delete_post/tMCZM3h1OFtDqJkTcCbsV
WARNING:django.request:Forbidden: /delete_post/tMCZM3h1OFtDqJkTcCbsV
WARNING:django.request:Forbidden: /delete_post/tMCZM3h1OFtDqJkTcCbsV
WARNING:django.request:Forbidden: /delete_post/tMCZM3h1OFtDqJkTcCbsV
WARNING:django.request:Forbidden: /delete_post/tMCZM3h1OFtDqJkTcCbsV
WARNING:django.request:Forbidden: /delete_post/tMCZM3h1OFtDqJkTcCbsV
WARNING:django.request:Forbidden: /delete_post/tMCZM3h1OFtDqJkTcCbsV
WARNING:django.request:Not Found: /profile/mpJ3t8-AEKn5UBdHxfn9v/Accounts/style.css
WARNING:django.request:Forbidden: /delete_post/tMCZM3h1OFtDqJkTcCbsV
WARNING:django.request:Forbidden: /delete_post/tMCZM3h1OFtDqJkTcCbsV
WARNING:django.request:Forbidden: /delete_post/H6WcXGyXi12kHZgU7AeDa
WARNING:waitress.queue:Task queue depth is 1
WARNING:django.request:Forbidden: /delete_post/91y5QGg4G2CEEBc0oRTxF
WARNING:django.request:Forbidden: /delete_post/91y5QGg4G2CEEBc0oRTxF
WARNING:django.request:Not Found: /favicon.ico
WARNING:django.request:Forbidden: /delete_post/91y5QGg4G2CEEBc0oRTxF
WARNING:django.request:Not Found: /notification.html
WARNING:django.request:Not Found: /notification.html
WARNING:django.request:Not Found: /.env
WARNING:django.request:Not Found: /.env
WARNING:django.request:Not Found: /ab2g
WARNING:django.request:Not Found: /ab2h
WARNING:django.request:Not Found: /alive.php
WARNING:django.request:Not Found: /t4
WARNING:django.request:Not Found: /favicon.ico
WARNING:django.request:Not Found: /teorema505
WARNING:django.request:Not Found: /notification.html
WARNING:django.request:Not Found: /favicon.ico
WARNING:django.request:Not Found: /favicon.ico
WARNING:django.request:Not Found: /notification.html
WARNING:django.request:Not Found: /favicon.ico
WARNING:django.request:Not Found: /robots.txt
WARNING:django.request:Not Found: /sitemap.xml
WARNING:django.request:Not Found: /config.json
WARNING:django.request:Not Found: /ab2g
WARNING:django.request:Not Found: /ab2h
WARNING:django.request:Not Found: /alive.php
WARNING:django.request:Not Found: /t4
WARNING:django.request:Not Found: /favicon.ico
WARNING:django.request:Not Found: /teorema505
WARNING:waitress.queue:Task queue depth is 1
WARNING:waitress.queue:Task queue depth is 2
WARNING:waitress.queue:Task queue depth is 3
WARNING:waitress.queue:Task queue depth is 4
WARNING:waitress.queue:Task queue depth is 5
WARNING:waitress.queue:Task queue depth is 5
WARNING:waitress.queue:Task queue depth is 6
WARNING:waitress.queue:Task queue depth is 5
WARNING:waitress.queue:Task queue depth is 6
WARNING:django.request:Not Found: /owa/auth/x.js
WARNING:django.request:Not Found: /wp-admin/setup-config.php
WARNING:django.request:Not Found: /wp-admin/install.php
WARNING:django.request:Not Found: /installer.php
WARNING:django.request:Not Found: /wordpress/
WARNING:django.request:Not Found: /ab2g
WARNING:django.request:Not Found: /ab2h
WARNING:django.request:Not Found: /alive.php
WARNING:django.request:Not Found: /t4
WARNING:django.request:Not Found: /favicon.ico
WARNING:django.request:Not Found: /teorema505
WARNING:django.request:Not Found: /ecp/Current/exporttool/microsoft.exchange.ediscovery.exporttool.application
WARNING:django.request:Not Found: /robots.txt
WARNING:django.request:Not Found: /favicon.ico
ERROR:django.security.DisallowedHost:Invalid HTTP_HOST header: '207.154.205.99'. You may need to add '207.154.205.99' to ALLOWED_HOSTS.
Traceback (most recent call last):
  File "/home/Builds/Env/lib/python3.11/site-packages/django/core/handlers/exception.py", line 55, in inner
    response = get_response(request)
               ^^^^^^^^^^^^^^^^^^^^^
  File "/home/Builds/Env/lib/python3.11/site-packages/django/utils/deprecation.py", line 133, in __call__
    response = self.process_request(request)
               ^^^^^^^^^^^^^^^^^^^^^^^^^^^^^
  File "/home/Builds/Env/lib/python3.11/site-packages/django/middleware/common.py", line 48, in process_request
    host = request.get_host()
           ^^^^^^^^^^^^^^^^^^
  File "/home/Builds/Env/lib/python3.11/site-packages/django/http/request.py", line 151, in get_host
    raise DisallowedHost(msg)
django.core.exceptions.DisallowedHost: Invalid HTTP_HOST header: '207.154.205.99'. You may need to add '207.154.205.99' to ALLOWED_HOSTS.
WARNING:django.request:Bad Request: /
WARNING:django.request:Not Found: /odinhttpcall1722642447
WARNING:django.request:Not Found: /sdk
WARNING:django.request:Not Found: /HNAP1
WARNING:django.request:Not Found: /evox/about
WARNING:django.security.csrf:Forbidden (CSRF cookie not set.): /
WARNING:django.request:Not Found: /favicon.ico
WARNING:django.request:Not Found: /favicon.ico
WARNING:django.request:Not Found: /.env
WARNING:django.request:Not Found: /vendor/phpunit/phpunit/src/Util/PHP/eval-stdin.php
WARNING:django.request:Not Found: /vendor/phpunit/phpunit/Util/PHP/eval-stdin.php
WARNING:django.request:Not Found: /vendor/phpunit/src/Util/PHP/eval-stdin.php
WARNING:django.request:Not Found: /vendor/phpunit/Util/PHP/eval-stdin.php
WARNING:django.request:Not Found: /vendor/phpunit/phpunit/LICENSE/eval-stdin.php
WARNING:django.request:Not Found: /vendor/vendor/phpunit/phpunit/src/Util/PHP/eval-stdin.php
WARNING:django.request:Not Found: /phpunit/phpunit/src/Util/PHP/eval-stdin.php
WARNING:django.request:Not Found: /phpunit/phpunit/Util/PHP/eval-stdin.php
WARNING:django.request:Not Found: /phpunit/src/Util/PHP/eval-stdin.php
WARNING:django.request:Not Found: /phpunit/Util/PHP/eval-stdin.php
WARNING:django.request:Not Found: /lib/phpunit/phpunit/src/Util/PHP/eval-stdin.php
WARNING:django.request:Not Found: /lib/phpunit/phpunit/Util/PHP/eval-stdin.php
WARNING:django.request:Not Found: /lib/phpunit/src/Util/PHP/eval-stdin.php
WARNING:django.request:Not Found: /lib/phpunit/Util/PHP/eval-stdin.php
WARNING:django.request:Not Found: /lib/vendor/phpunit/phpunit/src/Util/PHP/eval-stdin.php
WARNING:django.request:Not Found: /laravel/vendor/phpunit/phpunit/src/Util/PHP/eval-stdin.php
WARNING:django.request:Not Found: /www/vendor/phpunit/phpunit/src/Util/PHP/eval-stdin.php
WARNING:django.request:Not Found: /ws/vendor/phpunit/phpunit/src/Util/PHP/eval-stdin.php
WARNING:django.request:Not Found: /yii/vendor/phpunit/phpunit/src/Util/PHP/eval-stdin.php
WARNING:django.request:Not Found: /zend/vendor/phpunit/phpunit/src/Util/PHP/eval-stdin.php
WARNING:django.request:Not Found: /ws/ec/vendor/phpunit/phpunit/src/Util/PHP/eval-stdin.php
WARNING:django.request:Not Found: /V2/vendor/phpunit/phpunit/src/Util/PHP/eval-stdin.php
WARNING:django.request:Not Found: /tests/vendor/phpunit/phpunit/src/Util/PHP/eval-stdin.php
WARNING:django.request:Not Found: /test/vendor/phpunit/phpunit/src/Util/PHP/eval-stdin.php
WARNING:django.request:Not Found: /testing/vendor/phpunit/phpunit/src/Util/PHP/eval-stdin.php
WARNING:django.request:Not Found: /api/vendor/phpunit/phpunit/src/Util/PHP/eval-stdin.php
WARNING:django.request:Not Found: /demo/vendor/phpunit/phpunit/src/Util/PHP/eval-stdin.php
WARNING:django.request:Not Found: /cms/vendor/phpunit/phpunit/src/Util/PHP/eval-stdin.php
WARNING:django.request:Not Found: /crm/vendor/phpunit/phpunit/src/Util/PHP/eval-stdin.php
WARNING:django.request:Not Found: /backup/vendor/phpunit/phpunit/src/Util/PHP/eval-stdin.php
WARNING:django.request:Not Found: /blog/vendor/phpunit/phpunit/src/Util/PHP/eval-stdin.php
WARNING:django.request:Not Found: /workspace/drupal/vendor/phpunit/phpunit/src/Util/PHP/eval-stdin.php
WARNING:django.request:Not Found: /panel/vendor/phpunit/phpunit/src/Util/PHP/eval-stdin.php
WARNING:django.request:Not Found: /public/vendor/phpunit/phpunit/src/Util/PHP/eval-stdin.php
WARNING:django.request:Not Found: /apps/vendor/phpunit/phpunit/src/Util/PHP/eval-stdin.php
WARNING:django.request:Not Found: /app/vendor/phpunit/phpunit/src/Util/PHP/eval-stdin.php
WARNING:django.request:Not Found: /index.php
WARNING:django.request:Not Found: /public/index.php
WARNING:django.request:Not Found: /index.php
WARNING:django.request:Not Found: /index.php
WARNING:django.request:Not Found: /.env
WARNING:django.request:Not Found: /webui/
WARNING:django.request:Not Found: /geoserver/web/
WARNING:django.request:Not Found: /.git/config
WARNING:django.request:Not Found: /notification.html
WARNING:django.request:Not Found: /actuator/gateway/routes
WARNING:django.request:Not Found: /wp-includes/wlwmanifest.xml
WARNING:django.request:Not Found: /xmlrpc.php
WARNING:django.request:Not Found: /blog/wp-includes/wlwmanifest.xml
WARNING:django.request:Not Found: /web/wp-includes/wlwmanifest.xml
WARNING:django.request:Not Found: /wordpress/wp-includes/wlwmanifest.xml
WARNING:django.request:Not Found: /website/wp-includes/wlwmanifest.xml
WARNING:django.request:Not Found: /wp/wp-includes/wlwmanifest.xml
WARNING:django.request:Not Found: /news/wp-includes/wlwmanifest.xml
WARNING:django.request:Not Found: /2020/wp-includes/wlwmanifest.xml
WARNING:django.request:Not Found: /2019/wp-includes/wlwmanifest.xml
WARNING:django.request:Not Found: /shop/wp-includes/wlwmanifest.xml
WARNING:django.request:Not Found: /wp1/wp-includes/wlwmanifest.xml
WARNING:django.request:Not Found: /test/wp-includes/wlwmanifest.xml
WARNING:django.request:Not Found: /wp2/wp-includes/wlwmanifest.xml
WARNING:django.request:Not Found: /site/wp-includes/wlwmanifest.xml
WARNING:django.request:Not Found: /cms/wp-includes/wlwmanifest.xml
WARNING:django.request:Not Found: /sito/wp-includes/wlwmanifest.xml
WARNING:django.request:Not Found: /ab2g
WARNING:django.request:Not Found: /ab2h
WARNING:django.request:Not Found: /alive.php
WARNING:django.request:Not Found: /t4
WARNING:django.request:Not Found: /favicon.ico
WARNING:django.request:Not Found: /teorema505
WARNING:django.request:Not Found: /password_reset/notification.html
WARNING:django.request:Not Found: /wp-includes/wlwmanifest.xml
WARNING:django.request:Not Found: /xmlrpc.php
WARNING:django.request:Not Found: /blog/wp-includes/wlwmanifest.xml
WARNING:django.request:Not Found: /web/wp-includes/wlwmanifest.xml
WARNING:django.request:Not Found: /wordpress/wp-includes/wlwmanifest.xml
WARNING:django.request:Not Found: /website/wp-includes/wlwmanifest.xml
WARNING:django.request:Not Found: /wp/wp-includes/wlwmanifest.xml
WARNING:django.request:Not Found: /news/wp-includes/wlwmanifest.xml
WARNING:django.request:Not Found: /2018/wp-includes/wlwmanifest.xml
WARNING:django.request:Not Found: /2019/wp-includes/wlwmanifest.xml
WARNING:django.request:Not Found: /shop/wp-includes/wlwmanifest.xml
WARNING:django.request:Not Found: /wp1/wp-includes/wlwmanifest.xml
WARNING:django.request:Not Found: /test/wp-includes/wlwmanifest.xml
WARNING:django.request:Not Found: /wp2/wp-includes/wlwmanifest.xml
WARNING:django.request:Not Found: /site/wp-includes/wlwmanifest.xml
WARNING:django.request:Not Found: /cms/wp-includes/wlwmanifest.xml
WARNING:django.request:Not Found: /sito/wp-includes/wlwmanifest.xml
WARNING:django.request:Not Found: /vendor/phpunit/phpunit/src/Util/PHP/eval-stdin.php
WARNING:django.request:Not Found: /vendor/phpunit/phpunit/Util/PHP/eval-stdin.php
WARNING:django.request:Not Found: /vendor/phpunit/src/Util/PHP/eval-stdin.php
WARNING:django.request:Not Found: /vendor/phpunit/Util/PHP/eval-stdin.php
WARNING:django.request:Not Found: /vendor/phpunit/phpunit/LICENSE/eval-stdin.php
WARNING:django.request:Not Found: /vendor/vendor/phpunit/phpunit/src/Util/PHP/eval-stdin.php
WARNING:django.request:Not Found: /phpunit/phpunit/src/Util/PHP/eval-stdin.php
WARNING:django.request:Not Found: /phpunit/phpunit/Util/PHP/eval-stdin.php
WARNING:django.request:Not Found: /_profiler/phpinfo
WARNING:django.request:Not Found: /login/notification.html
WARNING:django.request:Not Found: /_profiler/phpinfo
WARNING:django.request:Not Found: /cf_scripts/scripts/ajax/ckeditor/ckeditor.js
WARNING:django.request:Not Found: /favicon.ico
WARNING:django.request:Not Found: /WebInterface/
WARNING:django.request:Not Found: /cgi-bin/config.exp
WARNING:django.request:Not Found: /solr/
WARNING:django.request:Not Found: /console
WARNING:django.request:Not Found: /favicon-32x32.png
WARNING:django.request:Not Found: /api/session/properties
WARNING:django.request:Not Found: /favicon.ico
WARNING:django.request:Not Found: /ext-js/app/common/zld_product_spec.js
WARNING:django.request:Not Found: /webfig/
WARNING:django.request:Not Found: /showLogin.cc
WARNING:django.request:Not Found: /sitecore/shell/sitecore.version.xml
WARNING:django.request:Not Found: /remote/login
WARNING:django.request:Not Found: /favicon/favicon.ico
WARNING:django.request:Not Found: /owa/
WARNING:django.request:Not Found: /zabbix/favicon.ico
WARNING:django.request:Not Found: /js/NewWindow_2_all.js
WARNING:django.request:Not Found: /index.jsp
WARNING:django.request:Not Found: /identity
WARNING:django.request:Not Found: /sugar_version.json
WARNING:django.request:Not Found: /cgi-bin/authLogin.cgi
WARNING:django.request:Not Found: /Telerik.Web.UI.WebResource.axd
WARNING:django.request:Not Found: /robots.txt
WARNING:django.request:Not Found: /.env
WARNING:django.request:Not Found: /.env
WARNING:django.request:Not Found: /robots.txt
WARNING:django.request:Not Found: /favicon.ico
WARNING:django.request:Not Found: /robots.txt
WARNING:django.request:Not Found: /robots.txt
WARNING:django.request:Not Found: /favicon.ico
WARNING:django.request:Not Found: /notification.html
WARNING:django.request:Not Found: /favicon.ico
WARNING:django.request:Not Found: /robots.txt
WARNING:django.request:Not Found: /sitemap.xml
WARNING:django.request:Not Found: /config.json
WARNING:django.request:Not Found: /wp-admin/setup-config.php
WARNING:django.request:Not Found: /wp-admin/install.php
WARNING:django.request:Not Found: /autodiscover/autodiscover.json
WARNING:django.request:Not Found: /ab2g
WARNING:django.request:Not Found: /ab2h
WARNING:django.request:Not Found: /alive.php
WARNING:django.request:Not Found: /t4
WARNING:django.request:Not Found: /favicon.ico
WARNING:django.request:Not Found: /teorema505
WARNING:django.request:Not Found: /owa/auth/logon.aspx
WARNING:django.request:Not Found: /robots.txt
WARNING:django.request:Not Found: /wp-login.php
WARNING:django.request:Not Found: /.env
WARNING:django.request:Not Found: /.env
WARNING:django.request:Not Found: /robots.txt
WARNING:django.request:Not Found: /favicon.ico
WARNING:django.request:Not Found: /.git/config
WARNING:django.request:Not Found: /.git/config
WARNING:django.request:Not Found: /notification.html
WARNING:django.request:Not Found: /notification.html
WARNING:django.request:Not Found: /favicon.ico
WARNING:django.request:Not Found: /robots.txt
WARNING:django.request:Not Found: /sitemap.xml
WARNING:django.request:Not Found: /config.json
WARNING:django.request:Not Found: /version
WARNING:django.request:Not Found: /login/notification.html
WARNING:django.request:Not Found: /actuator/gateway/routes
WARNING:django.request:Not Found: /ab2g
WARNING:django.request:Not Found: /ab2h
WARNING:django.request:Not Found: /alive.php
WARNING:django.request:Not Found: /t4
WARNING:django.request:Not Found: /favicon.ico
WARNING:django.request:Not Found: /teorema505
WARNING:django.request:Not Found: /favicon.ico
WARNING:django.request:Not Found: /.git/config
WARNING:django.request:Not Found: /.git/config
WARNING:django.request:Not Found: /.env
WARNING:django.security.csrf:Forbidden (CSRF cookie not set.): /
WARNING:django.request:Not Found: /ecp/Current/exporttool/microsoft.exchange.ediscovery.exporttool.application
WARNING:django.request:Not Found: /robots.txt
WARNING:django.request:Not Found: /robots.txt
WARNING:django.request:Not Found: /wordpress
WARNING:django.request:Not Found: /wp
WARNING:django.request:Not Found: /new
WARNING:django.request:Not Found: /old
WARNING:django.request:Not Found: /robots.txt
WARNING:django.request:Not Found: /sitemap.xml
WARNING:django.request:Not Found: /.git/config
WARNING:django.request:Not Found: /robots.txt
WARNING:django.request:Not Found: /favicon.ico
WARNING:django.request:Not Found: /robots.txt
WARNING:django.request:Not Found: /wp-includes/wlwmanifest.xml
WARNING:django.request:Not Found: /xmlrpc.php
WARNING:django.request:Not Found: /blog/wp-includes/wlwmanifest.xml
WARNING:django.request:Not Found: /web/wp-includes/wlwmanifest.xml
WARNING:django.request:Not Found: /wordpress/wp-includes/wlwmanifest.xml
WARNING:django.request:Not Found: /website/wp-includes/wlwmanifest.xml
WARNING:django.request:Not Found: /wp/wp-includes/wlwmanifest.xml
WARNING:django.request:Not Found: /news/wp-includes/wlwmanifest.xml
WARNING:django.request:Not Found: /2020/wp-includes/wlwmanifest.xml
WARNING:django.request:Not Found: /2019/wp-includes/wlwmanifest.xml
WARNING:django.request:Not Found: /shop/wp-includes/wlwmanifest.xml
WARNING:django.request:Not Found: /wp1/wp-includes/wlwmanifest.xml
WARNING:django.request:Not Found: /test/wp-includes/wlwmanifest.xml
WARNING:django.request:Not Found: /wp2/wp-includes/wlwmanifest.xml
WARNING:django.request:Not Found: /site/wp-includes/wlwmanifest.xml
WARNING:django.request:Not Found: /cms/wp-includes/wlwmanifest.xml
WARNING:django.request:Not Found: /sito/wp-includes/wlwmanifest.xml
WARNING:django.request:Not Found: /global-protect/login.esp
WARNING:django.request:Not Found: /.git/config
WARNING:django.request:Not Found: /.git/config
WARNING:django.request:Not Found: /favicon.ico
WARNING:django.request:Not Found: /wp-includes/wlwmanifest.xml
WARNING:django.request:Not Found: /xmlrpc.php
WARNING:django.request:Not Found: /blog/wp-includes/wlwmanifest.xml
WARNING:django.request:Not Found: /web/wp-includes/wlwmanifest.xml
WARNING:django.request:Not Found: /wordpress/wp-includes/wlwmanifest.xml
WARNING:django.request:Not Found: /website/wp-includes/wlwmanifest.xml
WARNING:django.request:Not Found: /wp/wp-includes/wlwmanifest.xml
WARNING:django.request:Not Found: /news/wp-includes/wlwmanifest.xml
WARNING:django.request:Not Found: /2018/wp-includes/wlwmanifest.xml
WARNING:django.request:Not Found: /2019/wp-includes/wlwmanifest.xml
WARNING:django.request:Not Found: /shop/wp-includes/wlwmanifest.xml
WARNING:django.request:Not Found: /wp1/wp-includes/wlwmanifest.xml
WARNING:django.request:Not Found: /test/wp-includes/wlwmanifest.xml
WARNING:django.request:Not Found: /wp2/wp-includes/wlwmanifest.xml
WARNING:django.request:Not Found: /site/wp-includes/wlwmanifest.xml
WARNING:django.request:Not Found: /cms/wp-includes/wlwmanifest.xml
WARNING:django.request:Not Found: /sito/wp-includes/wlwmanifest.xml
WARNING:django.request:Not Found: /robots.txt
WARNING:django.request:Not Found: /favicon.ico
WARNING:django.request:Not Found: /ab2g
WARNING:django.request:Not Found: /ab2h
WARNING:django.request:Not Found: /alive.php
WARNING:django.request:Not Found: /t4
WARNING:django.request:Not Found: /favicon.ico
WARNING:django.request:Not Found: /teorema505
WARNING:django.request:Not Found: /.env
WARNING:django.request:Not Found: /.env
WARNING:django.request:Not Found: /robots.txt
WARNING:django.request:Not Found: /robots.txt
WARNING:django.request:Not Found: /_profiler/phpinfo
WARNING:django.request:Not Found: /_profiler/phpinfo
WARNING:django.request:Not Found: /actuator/gateway/routes
WARNING:django.request:Not Found: /robots.txt
WARNING:django.request:Not Found: /.env
WARNING:django.request:Not Found: /favicon.ico
WARNING:django.request:Not Found: /.env
WARNING:django.request:Not Found: /notification.html
WARNING:django.request:Not Found: /favicon.ico
WARNING:django.request:Not Found: /favicon.ico
WARNING:django.request:Not Found: /favicon.ico
WARNING:django.request:Not Found: /password_reset/notification.html
WARNING:django.request:Not Found: /robots.txt
WARNING:django.request:Not Found: /robots.txt
WARNING:django.request:Not Found: /webui/
WARNING:django.request:Not Found: /favicon.ico
WARNING:django.request:Not Found: /geoserver/web/
WARNING:django.request:Not Found: /.git/config
WARNING:django.request:Not Found: /.well-known/assetlinks.json
WARNING:django.request:Not Found: /login/notification.html
WARNING:django.request:Not Found: /.well-known/assetlinks.json
WARNING:django.request:Not Found: /favicon.ico
WARNING:django.request:Not Found: /robots.txt
WARNING:django.request:Not Found: /sitemap.xml
WARNING:django.request:Not Found: /config.json
WARNING:django.request:Not Found: /owa/auth/x.js
WARNING:django.request:Not Found: /wp-login.php
WARNING:django.request:Not Found: /notification.html
WARNING:django.request:Not Found: /robots.txt
WARNING:django.request:Not Found: /notification.html
WARNING:django.request:Not Found: /notification.html
WARNING:django.request:Not Found: /robots.txt
WARNING:django.request:Not Found: /favicon.ico
WARNING:django.request:Not Found: /wp-includes/ID3/license.txt
WARNING:django.request:Not Found: /feed/
WARNING:django.request:Not Found: /xmlrpc.php
WARNING:django.request:Not Found: /blog/wp-includes/wlwmanifest.xml
WARNING:django.request:Not Found: /web/wp-includes/wlwmanifest.xml
WARNING:django.request:Not Found: /wordpress/wp-includes/wlwmanifest.xml
WARNING:django.request:Not Found: /wp/wp-includes/wlwmanifest.xml
WARNING:django.request:Not Found: /2020/wp-includes/wlwmanifest.xml
WARNING:django.request:Not Found: /2019/wp-includes/wlwmanifest.xml
WARNING:django.request:Not Found: /2021/wp-includes/wlwmanifest.xml
WARNING:django.request:Not Found: /shop/wp-includes/wlwmanifest.xml
WARNING:django.request:Not Found: /wp1/wp-includes/wlwmanifest.xml
WARNING:django.request:Not Found: /test/wp-includes/wlwmanifest.xml
WARNING:django.request:Not Found: /site/wp-includes/wlwmanifest.xml
WARNING:django.request:Not Found: /cms/wp-includes/wlwmanifest.xml
WARNING:django.request:Not Found: /owa/auth/logon.aspx
WARNING:django.request:Not Found: /robots.txt
WARNING:django.request:Not Found: /ab2g
WARNING:django.request:Not Found: /ab2h
WARNING:django.request:Not Found: /alive.php
WARNING:django.request:Not Found: /t4
WARNING:django.request:Not Found: /favicon.ico
WARNING:django.request:Not Found: /teorema505
WARNING:django.request:Not Found: /robots.txt
WARNING:django.request:Not Found: /.env
WARNING:django.request:Not Found: /.env
WARNING:django.request:Not Found: /robots.txt
WARNING:django.request:Not Found: /.env
WARNING:django.request:Not Found: /.env
WARNING:django.request:Not Found: /robots.txt
WARNING:django.request:Not Found: /owa/auth/x.js
WARNING:django.request:Not Found: /actuator/health
WARNING:django.request:Not Found: /webui/
WARNING:django.request:Not Found: /favicon.ico
WARNING:django.request:Not Found: /geoserver/web/
WARNING:django.request:Not Found: /.git/config
WARNING:django.request:Not Found: /favicon.ico
WARNING:django.request:Not Found: /autodiscover/autodiscover.json
WARNING:django.request:Not Found: /notification.html
WARNING:django.request:Not Found: /login/notification.html
WARNING:django.request:Not Found: /favicon.ico
WARNING:django.request:Not Found: /teorema505
WARNING:django.request:Not Found: /global-protect/login.esp
